# JRE version: OpenJDK Runtime Environment (8.0_112-b06) (build 1.8.0_112-release-b06)
# Java VM: OpenJDK 64-Bit Server VM (25.112-b06 mixed mode windows-amd64 compressed oops)
Heap:
 PSYoungGen      total 456704K, used 400071K [0x000000076ab00000, 0x000000078fc80000, 0x00000007c0000000)
  eden space 436736K, 87% used [0x000000076ab00000,0x0000000781e36a88,0x0000000785580000)
  from space 19968K, 99% used [0x000000078ca80000,0x000000078ddfb1e0,0x000000078de00000)
  to   space 85504K, 0% used [0x0000000785580000,0x0000000785580000,0x000000078a900000)
 ParOldGen       total 453632K, used 321450K [0x00000006c0000000, 0x00000006dbb00000, 0x000000076ab00000)
  object space 453632K, 70% used [0x00000006c0000000,0x00000006d39ea988,0x00000006dbb00000)
 Metaspace       used 7214K, capacity 7768K, committed 7936K, reserved 1056768K
  class space    used 640K, capacity 656K, committed 768K, reserved 1048576K
GC Heap History (10 events):
Event: 8.695 GC heap before
{Heap before GC invocations=10 (full 1):
 PSYoungGen      total 366080K, used 365921K [0x000000076ab00000, 0x0000000790100000, 0x00000007c0000000)
  eden space 329728K, 100% used [0x000000076ab00000,0x000000077ed00000,0x000000077ed00000)
  from space 36352K, 99% used [0x000000078dd80000,0x00000007900d85b8,0x0000000790100000)
  to   space 55808K, 0% used [0x0000000789400000,0x0000000789400000,0x000000078ca80000)
 ParOldGen       total 173056K, used 87351K [0x00000006c0000000, 0x00000006ca900000, 0x000000076ab00000)
  object space 173056K, 50% used [0x00000006c0000000,0x00000006c554dee0,0x00000006ca900000)
 Metaspace       used 6372K, capacity 7280K, committed 7552K, reserved 1056768K
  class space    used 586K, capacity 616K, committed 640K, reserved 1048576K
Event: 8.883 GC heap after
Heap after GC invocations=10 (full 1):
 PSYoungGen      total 442368K, used 55793K [0x000000076ab00000, 0x000000078de00000, 0x00000007c0000000)
  eden space 386560K, 0% used [0x000000076ab00000,0x000000076ab00000,0x0000000782480000)
  from space 55808K, 99% used [0x0000000789400000,0x000000078ca7c588,0x000000078ca80000)
  to   space 19968K, 0% used [0x000000078ca80000,0x000000078ca80000,0x000000078de00000)
 ParOldGen       total 173056K, used 117354K [0x00000006c0000000, 0x00000006ca900000, 0x000000076ab00000)
  object space 173056K, 67% used [0x00000006c0000000,0x00000006c729aa00,0x00000006ca900000)
 Metaspace       used 6372K, capacity 7280K, committed 7552K, reserved 1056768K
  class space    used 586K, capacity 616K, committed 640K, reserved 1048576K
}
Event: 10.781 GC heap before
{Heap before GC invocations=11 (full 1):
 PSYoungGen      total 442368K, used 442353K [0x000000076ab00000, 0x000000078de00000, 0x00000007c0000000)
  eden space 386560K, 100% used [0x000000076ab00000,0x0000000782480000,0x0000000782480000)
  from space 55808K, 99% used [0x0000000789400000,0x000000078ca7c588,0x000000078ca80000)
  to   space 19968K, 0% used [0x000000078ca80000,0x000000078ca80000,0x000000078de00000)
 ParOldGen       total 173056K, used 117354K [0x00000006c0000000, 0x00000006ca900000, 0x000000076ab00000)
  object space 173056K, 67% used [0x00000006c0000000,0x00000006c729aa00,0x00000006ca900000)
 Metaspace       used 6396K, capacity 7280K, committed 7552K, reserved 1056768K
  class space    used 586K, capacity 616K, committed 640K, reserved 1048576K
Event: 11.283 GC heap after
Heap after GC invocations=11 (full 1):
 PSYoungGen      total 442368K, used 442353K [0x000000076ab00000, 0x000000078de00000, 0x00000007c0000000)
  eden space 386560K, 100% used [0x000000076ab00000,0x0000000782480000,0x0000000782480000)
  from space 55808K, 99% used [0x0000000789400000,0x000000078ca7c588,0x000000078ca80000)
  to   space 19968K, 99% used [0x000000078ca80000,0x000000078ddf8748,0x000000078de00000)
 ParOldGen       total 209408K, used 209206K [0x00000006c0000000, 0x00000006ccc80000, 0x000000076ab00000)
  object space 209408K, 99% used [0x00000006c0000000,0x00000006ccc4d9a0,0x00000006ccc80000)
 Metaspace       used 6396K, capacity 7280K, committed 7552K, reserved 1056768K
  class space    used 586K, capacity 616K, committed 640K, reserved 1048576K
}
Event: 11.283 GC heap before
{Heap before GC invocations=12 (full 2):
 PSYoungGen      total 442368K, used 442353K [0x000000076ab00000, 0x000000078de00000, 0x00000007c0000000)
  eden space 386560K, 100% used [0x000000076ab00000,0x0000000782480000,0x0000000782480000)
  from space 55808K, 99% used [0x0000000789400000,0x000000078ca7c588,0x000000078ca80000)
  to   space 19968K, 99% used [0x000000078ca80000,0x000000078ddf8748,0x000000078de00000)
 ParOldGen       total 209408K, used 209206K [0x00000006c0000000, 0x00000006ccc80000, 0x000000076ab00000)
  object space 209408K, 99% used [0x00000006c0000000,0x00000006ccc4d9a0,0x00000006ccc80000)
 Metaspace       used 6396K, capacity 7280K, committed 7552K, reserved 1056768K
  class space    used 586K, capacity 616K, committed 640K, reserved 1048576K
Event: 13.099 GC heap after
Heap after GC invocations=12 (full 2):
 PSYoungGen      total 442368K, used 0K [0x000000076ab00000, 0x000000078de00000, 0x00000007c0000000)
  eden space 386560K, 0% used [0x000000076ab00000,0x000000076ab00000,0x0000000782480000)
  from space 55808K, 0% used [0x0000000789400000,0x0000000789400000,0x000000078ca80000)
  to   space 19968K, 73% used [0x000000078ca80000,0x000000078d8e7d50,0x000000078de00000)
 ParOldGen       total 339968K, used 209024K [0x00000006c0000000, 0x00000006d4c00000, 0x000000076ab00000)
  object space 339968K, 61% used [0x00000006c0000000,0x00000006ccc203b0,0x00000006d4c00000)
 Metaspace       used 6396K, capacity 7280K, committed 7552K, reserved 1056768K
  class space    used 586K, capacity 616K, committed 640K, reserved 1048576K
}
Event: 14.837 GC heap before
{Heap before GC invocations=13 (full 3):
 PSYoungGen      total 442368K, used 386560K [0x000000076ab00000, 0x000000078de00000, 0x00000007c0000000)
  eden space 386560K, 100% used [0x000000076ab00000,0x0000000782480000,0x0000000782480000)
  from space 55808K, 0% used [0x0000000789400000,0x0000000789400000,0x000000078ca80000)
  to   space 19968K, 73% used [0x000000078ca80000,0x000000078d8e7d50,0x000000078de00000)
 ParOldGen       total 339968K, used 209024K [0x00000006c0000000, 0x00000006d4c00000, 0x000000076ab00000)
  object space 339968K, 61% used [0x00000006c0000000,0x00000006ccc203b0,0x00000006d4c00000)
 Metaspace       used 6403K, capacity 7280K, committed 7552K, reserved 1056768K
  class space    used 586K, capacity 616K, committed 640K, reserved 1048576K
Event: 16.459 GC heap after
Heap after GC invocations=13 (full 3):
 PSYoungGen      total 442368K, used 0K [0x000000076ab00000, 0x000000078de00000, 0x00000007c0000000)
  eden space 386560K, 0% used [0x000000076ab00000,0x000000076ab00000,0x0000000782480000)
  from space 55808K, 0% used [0x0000000789400000,0x0000000789400000,0x000000078ca80000)
  to   space 19968K, 0% used [0x000000078ca80000,0x000000078ca80000,0x000000078de00000)
 ParOldGen       total 453632K, used 279168K [0x00000006c0000000, 0x00000006dbb00000, 0x000000076ab00000)
  object space 453632K, 61% used [0x00000006c0000000,0x00000006d10a0220,0x00000006dbb00000)
 Metaspace       used 6403K, capacity 7280K, committed 7552K, reserved 1056768K
  class space    used 586K, capacity 616K, committed 640K, reserved 1048576K
}
Event: 18.271 GC heap before
{Heap before GC invocations=14 (full 3):
 PSYoungGen      total 442368K, used 386560K [0x000000076ab00000, 0x000000078de00000, 0x00000007c0000000)
  eden space 386560K, 100% used [0x000000076ab00000,0x0000000782480000,0x0000000782480000)
  from space 55808K, 0% used [0x0000000789400000,0x0000000789400000,0x000000078ca80000)
  to   space 19968K, 0% used [0x000000078ca80000,0x000000078ca80000,0x000000078de00000)
 ParOldGen       total 453632K, used 279168K [0x00000006c0000000, 0x00000006dbb00000, 0x000000076ab00000)
  object space 453632K, 61% used [0x00000006c0000000,0x00000006d10a0220,0x00000006dbb00000)
 Metaspace       used 6406K, capacity 7280K, committed 7552K, reserved 1056768K
  class space    used 586K, capacity 616K, committed 640K, reserved 1048576K
Event: 18.364 GC heap after
Heap after GC invocations=14 (full 3):
 PSYoungGen      total 456704K, used 19948K [0x000000076ab00000, 0x000000078fc80000, 0x00000007c0000000)
  eden space 436736K, 0% used [0x000000076ab00000,0x000000076ab00000,0x0000000785580000)
  from space 19968K, 99% used [0x000000078ca80000,0x000000078ddfb1e0,0x000000078de00000)
  to   space 85504K, 0% used [0x0000000785580000,0x0000000785580000,0x000000078a900000)
 ParOldGen       total 453632K, used 321450K [0x00000006c0000000, 0x00000006dbb00000, 0x000000076ab00000)
  object space 453632K, 70% used [0x00000006c0000000,0x00000006d39ea988,0x00000006dbb00000)
 Metaspace       used 6406K, capacity 7280K, committed 7552K, reserved 1056768K
  class space    used 586K, capacity 616K, committed 640K, reserved 1048576K
}

