# JRE version: OpenJDK Runtime Environment (8.0_112-b06) (build 1.8.0_112-release-b06)
# Java VM: OpenJDK 64-Bit Server VM (25.112-b06 mixed mode windows-amd64 compressed oops)
Heap:
 PSYoungGen      total 565760K, used 166013K [0x000000076ab00000, 0x0000000798580000, 0x00000007c0000000)
  eden space 448512K, 10% used [0x000000076ab00000,0x000000076daa26f8,0x0000000786100000)
  from space 117248K, 99% used [0x0000000791300000,0x000000079857d0e8,0x0000000798580000)
  to   space 109568K, 0% used [0x0000000786100000,0x0000000786100000,0x000000078cc00000)
 ParOldGen       total 388608K, used 258118K [0x00000006c0000000, 0x00000006d7b80000, 0x000000076ab00000)
  object space 388608K, 66% used [0x00000006c0000000,0x00000006cfc11a18,0x00000006d7b80000)
 Metaspace       used 6761K, capacity 7536K, committed 7808K, reserved 1056768K
  class space    used 605K, capacity 616K, committed 640K, reserved 1048576K
GC Heap History (10 events):
Event: 7.971 GC heap before
{Heap before GC invocations=10 (full 1):
 PSYoungGen      total 375296K, used 375184K [0x000000076ab00000, 0x0000000790400000, 0x00000007c0000000)
  eden space 335872K, 100% used [0x000000076ab00000,0x000000077f300000,0x000000077f300000)
  from space 39424K, 99% used [0x000000078dd80000,0x00000007903e42b0,0x0000000790400000)
  to   space 57344K, 0% used [0x0000000789400000,0x0000000789400000,0x000000078cc00000)
 ParOldGen       total 172032K, used 87451K [0x00000006c0000000, 0x00000006ca800000, 0x000000076ab00000)
  object space 172032K, 50% used [0x00000006c0000000,0x00000006c5566dc8,0x00000006ca800000)
 Metaspace       used 6376K, capacity 7280K, committed 7552K, reserved 1056768K
  class space    used 586K, capacity 616K, committed 640K, reserved 1048576K
Event: 8.150 GC heap after
Heap after GC invocations=10 (full 1):
 PSYoungGen      total 456192K, used 57325K [0x000000076ab00000, 0x000000078de00000, 0x00000007c0000000)
  eden space 398848K, 0% used [0x000000076ab00000,0x000000076ab00000,0x0000000783080000)
  from space 57344K, 99% used [0x0000000789400000,0x000000078cbfb588,0x000000078cc00000)
  to   space 18432K, 0% used [0x000000078cc00000,0x000000078cc00000,0x000000078de00000)
 ParOldGen       total 172032K, used 121802K [0x00000006c0000000, 0x00000006ca800000, 0x000000076ab00000)
  object space 172032K, 70% used [0x00000006c0000000,0x00000006c76f2b10,0x00000006ca800000)
 Metaspace       used 6376K, capacity 7280K, committed 7552K, reserved 1056768K
  class space    used 586K, capacity 616K, committed 640K, reserved 1048576K
}
Event: 10.084 GC heap before
{Heap before GC invocations=11 (full 1):
 PSYoungGen      total 456192K, used 456173K [0x000000076ab00000, 0x000000078de00000, 0x00000007c0000000)
  eden space 398848K, 100% used [0x000000076ab00000,0x0000000783080000,0x0000000783080000)
  from space 57344K, 99% used [0x0000000789400000,0x000000078cbfb588,0x000000078cc00000)
  to   space 18432K, 0% used [0x000000078cc00000,0x000000078cc00000,0x000000078de00000)
 ParOldGen       total 172032K, used 121802K [0x00000006c0000000, 0x00000006ca800000, 0x000000076ab00000)
  object space 172032K, 70% used [0x00000006c0000000,0x00000006c76f2b10,0x00000006ca800000)
 Metaspace       used 6402K, capacity 7280K, committed 7552K, reserved 1056768K
  class space    used 586K, capacity 616K, committed 640K, reserved 1048576K
Event: 10.328 GC heap after
Heap after GC invocations=11 (full 1):
 PSYoungGen      total 466944K, used 18400K [0x000000076ab00000, 0x0000000795380000, 0x00000007c0000000)
  eden space 448512K, 0% used [0x000000076ab00000,0x000000076ab00000,0x0000000786100000)
  from space 18432K, 99% used [0x000000078cc00000,0x000000078ddf8290,0x000000078de00000)
  to   space 109568K, 0% used [0x0000000786100000,0x0000000786100000,0x000000078cc00000)
 ParOldGen       total 222720K, used 222335K [0x00000006c0000000, 0x00000006cd980000, 0x000000076ab00000)
  object space 222720K, 99% used [0x00000006c0000000,0x00000006cd91ff68,0x00000006cd980000)
 Metaspace       used 6402K, capacity 7280K, committed 7552K, reserved 1056768K
  class space    used 586K, capacity 616K, committed 640K, reserved 1048576K
}
Event: 10.328 GC heap before
{Heap before GC invocations=12 (full 2):
 PSYoungGen      total 466944K, used 18400K [0x000000076ab00000, 0x0000000795380000, 0x00000007c0000000)
  eden space 448512K, 0% used [0x000000076ab00000,0x000000076ab00000,0x0000000786100000)
  from space 18432K, 99% used [0x000000078cc00000,0x000000078ddf8290,0x000000078de00000)
  to   space 109568K, 0% used [0x0000000786100000,0x0000000786100000,0x000000078cc00000)
 ParOldGen       total 222720K, used 222335K [0x00000006c0000000, 0x00000006cd980000, 0x000000076ab00000)
  object space 222720K, 99% used [0x00000006c0000000,0x00000006cd91ff68,0x00000006cd980000)
 Metaspace       used 6402K, capacity 7280K, committed 7552K, reserved 1056768K
  class space    used 586K, capacity 616K, committed 640K, reserved 1048576K
Event: 12.732 GC heap after
Heap after GC invocations=12 (full 2):
 PSYoungGen      total 466944K, used 12178K [0x000000076ab00000, 0x0000000795380000, 0x00000007c0000000)
  eden space 448512K, 0% used [0x000000076ab00000,0x000000076ab00000,0x0000000786100000)
  from space 18432K, 66% used [0x000000078cc00000,0x000000078d7e4910,0x000000078de00000)
  to   space 109568K, 0% used [0x0000000786100000,0x0000000786100000,0x000000078cc00000)
 ParOldGen       total 388608K, used 222635K [0x00000006c0000000, 0x00000006d7b80000, 0x000000076ab00000)
  object space 388608K, 57% used [0x00000006c0000000,0x00000006cd96ad30,0x00000006d7b80000)
 Metaspace       used 6402K, capacity 7280K, committed 7552K, reserved 1056768K
  class space    used 586K, capacity 616K, committed 640K, reserved 1048576K
}
Event: 14.387 GC heap before
{Heap before GC invocations=13 (full 2):
 PSYoungGen      total 466944K, used 460690K [0x000000076ab00000, 0x0000000795380000, 0x00000007c0000000)
  eden space 448512K, 100% used [0x000000076ab00000,0x0000000786100000,0x0000000786100000)
  from space 18432K, 66% used [0x000000078cc00000,0x000000078d7e4910,0x000000078de00000)
  to   space 109568K, 0% used [0x0000000786100000,0x0000000786100000,0x000000078cc00000)
 ParOldGen       total 388608K, used 222635K [0x00000006c0000000, 0x00000006d7b80000, 0x000000076ab00000)
  object space 388608K, 57% used [0x00000006c0000000,0x00000006cd96adb0,0x00000006d7b80000)
 Metaspace       used 6411K, capacity 7280K, committed 7552K, reserved 1056768K
  class space    used 587K, capacity 616K, committed 640K, reserved 1048576K
Event: 14.636 GC heap after
Heap after GC invocations=13 (full 2):
 PSYoungGen      total 558080K, used 78261K [0x000000076ab00000, 0x0000000798580000, 0x00000007c0000000)
  eden space 448512K, 0% used [0x000000076ab00000,0x000000076ab00000,0x0000000786100000)
  from space 109568K, 71% used [0x0000000786100000,0x000000078ad6d650,0x000000078cc00000)
  to   space 117248K, 0% used [0x0000000791300000,0x0000000791300000,0x0000000798580000)
 ParOldGen       total 388608K, used 228518K [0x00000006c0000000, 0x00000006d7b80000, 0x000000076ab00000)
  object space 388608K, 58% used [0x00000006c0000000,0x00000006cdf29b08,0x00000006d7b80000)
 Metaspace       used 6411K, capacity 7280K, committed 7552K, reserved 1056768K
  class space    used 587K, capacity 616K, committed 640K, reserved 1048576K
}
Event: 17.410 GC heap before
{Heap before GC invocations=14 (full 2):
 PSYoungGen      total 558080K, used 526773K [0x000000076ab00000, 0x0000000798580000, 0x00000007c0000000)
  eden space 448512K, 100% used [0x000000076ab00000,0x0000000786100000,0x0000000786100000)
  from space 109568K, 71% used [0x0000000786100000,0x000000078ad6d650,0x000000078cc00000)
  to   space 117248K, 0% used [0x0000000791300000,0x0000000791300000,0x0000000798580000)
 ParOldGen       total 388608K, used 228521K [0x00000006c0000000, 0x00000006d7b80000, 0x000000076ab00000)
  object space 388608K, 58% used [0x00000006c0000000,0x00000006cdf2a4f8,0x00000006d7b80000)
 Metaspace       used 6512K, capacity 7344K, committed 7552K, reserved 1056768K
  class space    used 593K, capacity 616K, committed 640K, reserved 1048576K
Event: 17.736 GC heap after
Heap after GC invocations=14 (full 2):
 PSYoungGen      total 565760K, used 117236K [0x000000076ab00000, 0x0000000798580000, 0x00000007c0000000)
  eden space 448512K, 0% used [0x000000076ab00000,0x000000076ab00000,0x0000000786100000)
  from space 117248K, 99% used [0x0000000791300000,0x000000079857d0e8,0x0000000798580000)
  to   space 109568K, 0% used [0x0000000786100000,0x0000000786100000,0x000000078cc00000)
 ParOldGen       total 388608K, used 258118K [0x00000006c0000000, 0x00000006d7b80000, 0x000000076ab00000)
  object space 388608K, 66% used [0x00000006c0000000,0x00000006cfc11a18,0x00000006d7b80000)
 Metaspace       used 6512K, capacity 7344K, committed 7552K, reserved 1056768K
  class space    used 593K, capacity 616K, committed 640K, reserved 1048576K
}

