# JRE version: OpenJDK Runtime Environment (8.0_112-b06) (build 1.8.0_112-release-b06)
# Java VM: OpenJDK 64-Bit Server VM (25.112-b06 mixed mode windows-amd64 compressed oops)
Heap:
 PSYoungGen      total 472064K, used 160305K [0x000000076ab00000, 0x0000000794400000, 0x00000007c0000000)
  eden space 453632K, 35% used [0x000000076ab00000,0x000000077478c580,0x0000000786600000)
  from space 18432K, 0% used [0x000000078cc00000,0x000000078cc00000,0x000000078de00000)
  to   space 104448K, 0% used [0x0000000786600000,0x0000000786600000,0x000000078cc00000)
 ParOldGen       total 599040K, used 358145K [0x00000006c0000000, 0x00000006e4900000, 0x000000076ab00000)
  object space 599040K, 59% used [0x00000006c0000000,0x00000006d5dc0500,0x00000006e4900000)
 Metaspace       used 6752K, capacity 7536K, committed 7808K, reserved 1056768K
  class space    used 604K, capacity 616K, committed 640K, reserved 1048576K
GC Heap History (10 events):
Event: 11.638 GC heap before
{Heap before GC invocations=11 (full 1):
 PSYoungGen      total 448000K, used 447968K [0x000000076ab00000, 0x000000078de00000, 0x00000007c0000000)
  eden space 392704K, 100% used [0x000000076ab00000,0x0000000782a80000,0x0000000782a80000)
  from space 55296K, 99% used [0x0000000789600000,0x000000078cbf82a8,0x000000078cc00000)
  to   space 18432K, 0% used [0x000000078cc00000,0x000000078cc00000,0x000000078de00000)
 ParOldGen       total 172032K, used 118318K [0x00000006c0000000, 0x00000006ca800000, 0x000000076ab00000)
  object space 172032K, 68% used [0x00000006c0000000,0x00000006c738b8a0,0x00000006ca800000)
 Metaspace       used 6397K, capacity 7280K, committed 7552K, reserved 1056768K
  class space    used 586K, capacity 616K, committed 640K, reserved 1048576K
Event: 11.979 GC heap after
Heap after GC invocations=11 (full 1):
 PSYoungGen      total 472064K, used 18405K [0x000000076ab00000, 0x0000000794400000, 0x00000007c0000000)
  eden space 453632K, 0% used [0x000000076ab00000,0x000000076ab00000,0x0000000786600000)
  from space 18432K, 99% used [0x000000078cc00000,0x000000078ddf95f8,0x000000078de00000)
  to   space 104448K, 0% used [0x0000000786600000,0x0000000786600000,0x000000078cc00000)
 ParOldGen       total 212992K, used 212816K [0x00000006c0000000, 0x00000006cd000000, 0x000000076ab00000)
  object space 212992K, 99% used [0x00000006c0000000,0x00000006ccfd4078,0x00000006cd000000)
 Metaspace       used 6397K, capacity 7280K, committed 7552K, reserved 1056768K
  class space    used 586K, capacity 616K, committed 640K, reserved 1048576K
}
Event: 11.979 GC heap before
{Heap before GC invocations=12 (full 2):
 PSYoungGen      total 472064K, used 18405K [0x000000076ab00000, 0x0000000794400000, 0x00000007c0000000)
  eden space 453632K, 0% used [0x000000076ab00000,0x000000076ab00000,0x0000000786600000)
  from space 18432K, 99% used [0x000000078cc00000,0x000000078ddf95f8,0x000000078de00000)
  to   space 104448K, 0% used [0x0000000786600000,0x0000000786600000,0x000000078cc00000)
 ParOldGen       total 212992K, used 212816K [0x00000006c0000000, 0x00000006cd000000, 0x000000076ab00000)
  object space 212992K, 99% used [0x00000006c0000000,0x00000006ccfd4078,0x00000006cd000000)
 Metaspace       used 6397K, capacity 7280K, committed 7552K, reserved 1056768K
  class space    used 586K, capacity 616K, committed 640K, reserved 1048576K
Event: 14.515 GC heap after
Heap after GC invocations=12 (full 2):
 PSYoungGen      total 472064K, used 11176K [0x000000076ab00000, 0x0000000794400000, 0x00000007c0000000)
  eden space 453632K, 0% used [0x000000076ab00000,0x000000076ab00000,0x0000000786600000)
  from space 18432K, 60% used [0x000000078cc00000,0x000000078d6ea0d0,0x000000078de00000)
  to   space 104448K, 0% used [0x0000000786600000,0x0000000786600000,0x000000078cc00000)
 ParOldGen       total 375296K, used 212688K [0x00000006c0000000, 0x00000006d6e80000, 0x000000076ab00000)
  object space 375296K, 56% used [0x00000006c0000000,0x00000006ccfb40b8,0x00000006d6e80000)
 Metaspace       used 6397K, capacity 7280K, committed 7552K, reserved 1056768K
  class space    used 586K, capacity 616K, committed 640K, reserved 1048576K
}
Event: 16.769 GC heap before
{Heap before GC invocations=13 (full 2):
 PSYoungGen      total 472064K, used 464808K [0x000000076ab00000, 0x0000000794400000, 0x00000007c0000000)
  eden space 453632K, 100% used [0x000000076ab00000,0x0000000786600000,0x0000000786600000)
  from space 18432K, 60% used [0x000000078cc00000,0x000000078d6ea0d0,0x000000078de00000)
  to   space 104448K, 0% used [0x0000000786600000,0x0000000786600000,0x000000078cc00000)
 ParOldGen       total 375296K, used 212688K [0x00000006c0000000, 0x00000006d6e80000, 0x000000076ab00000)
  object space 375296K, 56% used [0x00000006c0000000,0x00000006ccfb40b8,0x00000006d6e80000)
 Metaspace       used 6405K, capacity 7280K, committed 7552K, reserved 1056768K
  class space    used 586K, capacity 616K, committed 640K, reserved 1048576K
Event: 17.043 GC heap after
Heap after GC invocations=13 (full 2):
 PSYoungGen      total 558080K, used 74973K [0x000000076ab00000, 0x0000000794400000, 0x00000007c0000000)
  eden space 453632K, 0% used [0x000000076ab00000,0x000000076ab00000,0x0000000786600000)
  from space 104448K, 71% used [0x0000000786600000,0x000000078af37518,0x000000078cc00000)
  to   space 18432K, 0% used [0x000000078cc00000,0x000000078cc00000,0x000000078de00000)
 ParOldGen       total 375296K, used 217902K [0x00000006c0000000, 0x00000006d6e80000, 0x000000076ab00000)
  object space 375296K, 58% used [0x00000006c0000000,0x00000006cd4cbab8,0x00000006d6e80000)
 Metaspace       used 6405K, capacity 7280K, committed 7552K, reserved 1056768K
  class space    used 586K, capacity 616K, committed 640K, reserved 1048576K
}
Event: 19.620 GC heap before
{Heap before GC invocations=14 (full 2):
 PSYoungGen      total 558080K, used 528605K [0x000000076ab00000, 0x0000000794400000, 0x00000007c0000000)
  eden space 453632K, 100% used [0x000000076ab00000,0x0000000786600000,0x0000000786600000)
  from space 104448K, 71% used [0x0000000786600000,0x000000078af37518,0x000000078cc00000)
  to   space 18432K, 0% used [0x000000078cc00000,0x000000078cc00000,0x000000078de00000)
 ParOldGen       total 375296K, used 217902K [0x00000006c0000000, 0x00000006d6e80000, 0x000000076ab00000)
  object space 375296K, 58% used [0x00000006c0000000,0x00000006cd4cbab8,0x00000006d6e80000)
 Metaspace       used 6408K, capacity 7280K, committed 7552K, reserved 1056768K
  class space    used 586K, capacity 616K, committed 640K, reserved 1048576K
Event: 20.012 GC heap after
Heap after GC invocations=14 (full 2):
 PSYoungGen      total 472064K, used 18422K [0x000000076ab00000, 0x0000000794400000, 0x00000007c0000000)
  eden space 453632K, 0% used [0x000000076ab00000,0x000000076ab00000,0x0000000786600000)
  from space 18432K, 99% used [0x000000078cc00000,0x000000078ddfdbc8,0x000000078de00000)
  to   space 104448K, 0% used [0x0000000786600000,0x0000000786600000,0x000000078cc00000)
 ParOldGen       total 375296K, used 345280K [0x00000006c0000000, 0x00000006d6e80000, 0x000000076ab00000)
  object space 375296K, 92% used [0x00000006c0000000,0x00000006d51300f0,0x00000006d6e80000)
 Metaspace       used 6408K, capacity 7280K, committed 7552K, reserved 1056768K
  class space    used 586K, capacity 616K, committed 640K, reserved 1048576K
}
Event: 20.012 GC heap before
{Heap before GC invocations=15 (full 3):
 PSYoungGen      total 472064K, used 18422K [0x000000076ab00000, 0x0000000794400000, 0x00000007c0000000)
  eden space 453632K, 0% used [0x000000076ab00000,0x000000076ab00000,0x0000000786600000)
  from space 18432K, 99% used [0x000000078cc00000,0x000000078ddfdbc8,0x000000078de00000)
  to   space 104448K, 0% used [0x0000000786600000,0x0000000786600000,0x000000078cc00000)
 ParOldGen       total 375296K, used 345280K [0x00000006c0000000, 0x00000006d6e80000, 0x000000076ab00000)
  object space 375296K, 92% used [0x00000006c0000000,0x00000006d51300f0,0x00000006d6e80000)
 Metaspace       used 6408K, capacity 7280K, committed 7552K, reserved 1056768K
  class space    used 586K, capacity 616K, committed 640K, reserved 1048576K
Event: 22.293 GC heap after
Heap after GC invocations=15 (full 3):
 PSYoungGen      total 472064K, used 0K [0x000000076ab00000, 0x0000000794400000, 0x00000007c0000000)
  eden space 453632K, 0% used [0x000000076ab00000,0x000000076ab00000,0x0000000786600000)
  from space 18432K, 0% used [0x000000078cc00000,0x000000078cc00000,0x000000078de00000)
  to   space 104448K, 0% used [0x0000000786600000,0x0000000786600000,0x000000078cc00000)
 ParOldGen       total 599040K, used 358145K [0x00000006c0000000, 0x00000006e4900000, 0x000000076ab00000)
  object space 599040K, 59% used [0x00000006c0000000,0x00000006d5dc0500,0x00000006e4900000)
 Metaspace       used 6408K, capacity 7280K, committed 7552K, reserved 1056768K
  class space    used 586K, capacity 616K, committed 640K, reserved 1048576K
}

