# JRE version: OpenJDK Runtime Environment (8.0_112-b06) (build 1.8.0_112-release-b06)
# Java VM: OpenJDK 64-Bit Server VM (25.112-b06 mixed mode windows-amd64 compressed oops)
Heap:
 PSYoungGen      total 349696K, used 178963K [0x000000076ab00000, 0x000000078b280000, 0x00000007c0000000)
  eden space 268800K, 47% used [0x000000076ab00000,0x0000000772660508,0x000000077b180000)
  from space 80896K, 65% used [0x000000077b180000,0x000000077e4e48f0,0x0000000780080000)
  to   space 102912K, 0% used [0x0000000784e00000,0x0000000784e00000,0x000000078b280000)
 ParOldGen       total 174080K, used 173767K [0x00000006c0000000, 0x00000006caa00000, 0x000000076ab00000)
  object space 174080K, 99% used [0x00000006c0000000,0x00000006ca9b1dc0,0x00000006caa00000)
 Metaspace       used 6403K, capacity 7280K, committed 7552K, reserved 1056768K
  class space    used 586K, capacity 616K, committed 640K, reserved 1048576K
GC Heap History (10 events):
Event: 8.610 GC heap before
{Heap before GC invocations=9 (full 1):
 PSYoungGen      total 294912K, used 266699K [0x000000076ab00000, 0x000000077f000000, 0x00000007c0000000)
  eden space 261632K, 100% used [0x000000076ab00000,0x000000077aa80000,0x000000077aa80000)
  from space 33280K, 15% used [0x000000077aa80000,0x000000077af72db0,0x000000077cb00000)
  to   space 28672K, 0% used [0x000000077cb00000,0x000000077cb00000,0x000000077e700000)
 ParOldGen       total 174080K, used 87368K [0x00000006c0000000, 0x00000006caa00000, 0x000000076ab00000)
  object space 174080K, 50% used [0x00000006c0000000,0x00000006c55522a0,0x00000006caa00000)
 Metaspace       used 6370K, capacity 7280K, committed 7552K, reserved 1056768K
  class space    used 586K, capacity 616K, committed 640K, reserved 1048576K
Event: 8.789 GC heap after
Heap after GC invocations=9 (full 1):
 PSYoungGen      total 267264K, used 28647K [0x000000076ab00000, 0x0000000786000000, 0x00000007c0000000)
  eden space 238592K, 0% used [0x000000076ab00000,0x000000076ab00000,0x0000000779400000)
  from space 28672K, 99% used [0x000000077cb00000,0x000000077e6f9cc0,0x000000077e700000)
  to   space 56320K, 0% used [0x0000000779400000,0x0000000779400000,0x000000077cb00000)
 ParOldGen       total 174080K, used 94835K [0x00000006c0000000, 0x00000006caa00000, 0x000000076ab00000)
  object space 174080K, 54% used [0x00000006c0000000,0x00000006c5c9cce0,0x00000006caa00000)
 Metaspace       used 6370K, capacity 7280K, committed 7552K, reserved 1056768K
  class space    used 586K, capacity 616K, committed 640K, reserved 1048576K
}
Event: 10.397 GC heap before
{Heap before GC invocations=10 (full 1):
 PSYoungGen      total 267264K, used 267239K [0x000000076ab00000, 0x0000000786000000, 0x00000007c0000000)
  eden space 238592K, 100% used [0x000000076ab00000,0x0000000779400000,0x0000000779400000)
  from space 28672K, 99% used [0x000000077cb00000,0x000000077e6f9cc0,0x000000077e700000)
  to   space 56320K, 0% used [0x0000000779400000,0x0000000779400000,0x000000077cb00000)
 ParOldGen       total 174080K, used 94835K [0x00000006c0000000, 0x00000006caa00000, 0x000000076ab00000)
  object space 174080K, 54% used [0x00000006c0000000,0x00000006c5c9cce0,0x00000006caa00000)
 Metaspace       used 6380K, capacity 7280K, committed 7552K, reserved 1056768K
  class space    used 586K, capacity 616K, committed 640K, reserved 1048576K
Event: 10.531 GC heap after
Heap after GC invocations=10 (full 1):
 PSYoungGen      total 294912K, used 56303K [0x000000076ab00000, 0x0000000784500000, 0x00000007c0000000)
  eden space 238592K, 0% used [0x000000076ab00000,0x000000076ab00000,0x0000000779400000)
  from space 56320K, 99% used [0x0000000779400000,0x000000077cafbf78,0x000000077cb00000)
  to   space 70144K, 0% used [0x0000000780080000,0x0000000780080000,0x0000000784500000)
 ParOldGen       total 174080K, used 103457K [0x00000006c0000000, 0x00000006caa00000, 0x000000076ab00000)
  object space 174080K, 59% used [0x00000006c0000000,0x00000006c6508648,0x00000006caa00000)
 Metaspace       used 6380K, capacity 7280K, committed 7552K, reserved 1056768K
  class space    used 586K, capacity 616K, committed 640K, reserved 1048576K
}
Event: 12.097 GC heap before
{Heap before GC invocations=11 (full 1):
 PSYoungGen      total 294912K, used 294895K [0x000000076ab00000, 0x0000000784500000, 0x00000007c0000000)
  eden space 238592K, 100% used [0x000000076ab00000,0x0000000779400000,0x0000000779400000)
  from space 56320K, 99% used [0x0000000779400000,0x000000077cafbf78,0x000000077cb00000)
  to   space 70144K, 0% used [0x0000000780080000,0x0000000780080000,0x0000000784500000)
 ParOldGen       total 174080K, used 103457K [0x00000006c0000000, 0x00000006caa00000, 0x000000076ab00000)
  object space 174080K, 59% used [0x00000006c0000000,0x00000006c6508648,0x00000006caa00000)
 Metaspace       used 6387K, capacity 7280K, committed 7552K, reserved 1056768K
  class space    used 586K, capacity 616K, committed 640K, reserved 1048576K
Event: 12.329 GC heap after
Heap after GC invocations=11 (full 1):
 PSYoungGen      total 338944K, used 67279K [0x000000076ab00000, 0x0000000786000000, 0x00000007c0000000)
  eden space 268800K, 0% used [0x000000076ab00000,0x000000076ab00000,0x000000077b180000)
  from space 70144K, 95% used [0x0000000780080000,0x0000000784233ce0,0x0000000784500000)
  to   space 80896K, 0% used [0x000000077b180000,0x000000077b180000,0x0000000780080000)
 ParOldGen       total 174080K, used 128924K [0x00000006c0000000, 0x00000006caa00000, 0x000000076ab00000)
  object space 174080K, 74% used [0x00000006c0000000,0x00000006c7de73d8,0x00000006caa00000)
 Metaspace       used 6387K, capacity 7280K, committed 7552K, reserved 1056768K
  class space    used 586K, capacity 616K, committed 640K, reserved 1048576K
}
Event: 14.050 GC heap before
{Heap before GC invocations=12 (full 1):
 PSYoungGen      total 338944K, used 336079K [0x000000076ab00000, 0x0000000786000000, 0x00000007c0000000)
  eden space 268800K, 100% used [0x000000076ab00000,0x000000077b180000,0x000000077b180000)
  from space 70144K, 95% used [0x0000000780080000,0x0000000784233ce0,0x0000000784500000)
  to   space 80896K, 0% used [0x000000077b180000,0x000000077b180000,0x0000000780080000)
 ParOldGen       total 174080K, used 128924K [0x00000006c0000000, 0x00000006caa00000, 0x000000076ab00000)
  object space 174080K, 74% used [0x00000006c0000000,0x00000006c7de73d8,0x00000006caa00000)
 Metaspace       used 6400K, capacity 7280K, committed 7552K, reserved 1056768K
  class space    used 586K, capacity 616K, committed 640K, reserved 1048576K
Event: 14.311 GC heap after
Heap after GC invocations=12 (full 1):
 PSYoungGen      total 349696K, used 80894K [0x000000076ab00000, 0x000000078b280000, 0x00000007c0000000)
  eden space 268800K, 0% used [0x000000076ab00000,0x000000076ab00000,0x000000077b180000)
  from space 80896K, 99% used [0x000000077b180000,0x000000078007f858,0x0000000780080000)
  to   space 102912K, 0% used [0x0000000784e00000,0x0000000784e00000,0x000000078b280000)
 ParOldGen       total 174080K, used 152129K [0x00000006c0000000, 0x00000006caa00000, 0x000000076ab00000)
  object space 174080K, 87% used [0x00000006c0000000,0x00000006c94904b8,0x00000006caa00000)
 Metaspace       used 6400K, capacity 7280K, committed 7552K, reserved 1056768K
  class space    used 586K, capacity 616K, committed 640K, reserved 1048576K
}
Event: 14.311 GC heap before
{Heap before GC invocations=13 (full 2):
 PSYoungGen      total 349696K, used 80894K [0x000000076ab00000, 0x000000078b280000, 0x00000007c0000000)
  eden space 268800K, 0% used [0x000000076ab00000,0x000000076ab00000,0x000000077b180000)
  from space 80896K, 99% used [0x000000077b180000,0x000000078007f858,0x0000000780080000)
  to   space 102912K, 0% used [0x0000000784e00000,0x0000000784e00000,0x000000078b280000)
 ParOldGen       total 174080K, used 152129K [0x00000006c0000000, 0x00000006caa00000, 0x000000076ab00000)
  object space 174080K, 87% used [0x00000006c0000000,0x00000006c94904b8,0x00000006caa00000)
 Metaspace       used 6400K, capacity 7280K, committed 7552K, reserved 1056768K
  class space    used 586K, capacity 616K, committed 640K, reserved 1048576K
Event: 17.137 GC heap after
Heap after GC invocations=13 (full 2):
 PSYoungGen      total 349696K, used 52626K [0x000000076ab00000, 0x000000078b280000, 0x00000007c0000000)
  eden space 268800K, 0% used [0x000000076ab00000,0x000000076ab00000,0x000000077b180000)
  from space 80896K, 65% used [0x000000077b180000,0x000000077e4e48f0,0x0000000780080000)
  to   space 102912K, 0% used [0x0000000784e00000,0x0000000784e00000,0x000000078b280000)
 ParOldGen       total 174080K, used 173767K [0x00000006c0000000, 0x00000006caa00000, 0x000000076ab00000)
  object space 174080K, 99% used [0x00000006c0000000,0x00000006ca9b1dc0,0x00000006caa00000)
 Metaspace       used 6400K, capacity 7280K, committed 7552K, reserved 1056768K
  class space    used 586K, capacity 616K, committed 640K, reserved 1048576K
}

