# JRE version: OpenJDK Runtime Environment (8.0_112-b06) (build 1.8.0_112-release-b06)
# Java VM: OpenJDK 64-Bit Server VM (25.112-b06 mixed mode windows-amd64 compressed oops)
Heap:
 PSYoungGen      total 462848K, used 284480K [0x000000076ab00000, 0x000000078df80000, 0x00000007c0000000)
  eden space 404480K, 70% used [0x000000076ab00000,0x000000077c0d0238,0x0000000783600000)
  from space 58368K, 0% used [0x0000000789500000,0x0000000789500000,0x000000078ce00000)
  to   space 17920K, 0% used [0x000000078ce00000,0x000000078ce00000,0x000000078df80000)
 ParOldGen       total 219648K, used 219301K [0x00000006c0000000, 0x00000006cd680000, 0x000000076ab00000)
  object space 219648K, 99% used [0x00000006c0000000,0x00000006cd629500,0x00000006cd680000)
 Metaspace       used 6404K, capacity 7280K, committed 7552K, reserved 1056768K
  class space    used 587K, capacity 616K, committed 640K, reserved 1048576K
GC Heap History (10 events):
Event: 8.950 GC heap before
{Heap before GC invocations=10 (full 1):
 PSYoungGen      total 378880K, used 378699K [0x000000076ab00000, 0x0000000790700000, 0x00000007c0000000)
  eden space 337920K, 100% used [0x000000076ab00000,0x000000077f500000,0x000000077f500000)
  from space 40960K, 99% used [0x000000078df00000,0x00000007906d2f18,0x0000000790700000)
  to   space 58368K, 0% used [0x0000000789500000,0x0000000789500000,0x000000078ce00000)
 ParOldGen       total 172544K, used 87049K [0x00000006c0000000, 0x00000006ca880000, 0x000000076ab00000)
  object space 172544K, 50% used [0x00000006c0000000,0x00000006c5502518,0x00000006ca880000)
 Metaspace       used 6373K, capacity 7280K, committed 7552K, reserved 1056768K
  class space    used 586K, capacity 616K, committed 640K, reserved 1048576K
Event: 9.231 GC heap after
Heap after GC invocations=10 (full 1):
 PSYoungGen      total 462848K, used 58338K [0x000000076ab00000, 0x000000078df80000, 0x00000007c0000000)
  eden space 404480K, 0% used [0x000000076ab00000,0x000000076ab00000,0x0000000783600000)
  from space 58368K, 99% used [0x0000000789500000,0x000000078cdf8898,0x000000078ce00000)
  to   space 17920K, 0% used [0x000000078ce00000,0x000000078ce00000,0x000000078df80000)
 ParOldGen       total 172544K, used 120914K [0x00000006c0000000, 0x00000006ca880000, 0x000000076ab00000)
  object space 172544K, 70% used [0x00000006c0000000,0x00000006c7614820,0x00000006ca880000)
 Metaspace       used 6373K, capacity 7280K, committed 7552K, reserved 1056768K
  class space    used 586K, capacity 616K, committed 640K, reserved 1048576K
}
Event: 11.268 GC heap before
{Heap before GC invocations=11 (full 1):
 PSYoungGen      total 462848K, used 462818K [0x000000076ab00000, 0x000000078df80000, 0x00000007c0000000)
  eden space 404480K, 100% used [0x000000076ab00000,0x0000000783600000,0x0000000783600000)
  from space 58368K, 99% used [0x0000000789500000,0x000000078cdf8898,0x000000078ce00000)
  to   space 17920K, 0% used [0x000000078ce00000,0x000000078ce00000,0x000000078df80000)
 ParOldGen       total 172544K, used 120914K [0x00000006c0000000, 0x00000006ca880000, 0x000000076ab00000)
  object space 172544K, 70% used [0x00000006c0000000,0x00000006c7614820,0x00000006ca880000)
 Metaspace       used 6394K, capacity 7280K, committed 7552K, reserved 1056768K
  class space    used 586K, capacity 616K, committed 640K, reserved 1048576K
Event: 11.733 GC heap after
Heap after GC invocations=11 (full 1):
 PSYoungGen      total 462848K, used 462818K [0x000000076ab00000, 0x000000078df80000, 0x00000007c0000000)
  eden space 404480K, 100% used [0x000000076ab00000,0x0000000783600000,0x0000000783600000)
  from space 58368K, 99% used [0x0000000789500000,0x000000078cdf8898,0x000000078ce00000)
  to   space 17920K, 99% used [0x000000078ce00000,0x000000078df7e188,0x000000078df80000)
 ParOldGen       total 219648K, used 219307K [0x00000006c0000000, 0x00000006cd680000, 0x000000076ab00000)
  object space 219648K, 99% used [0x00000006c0000000,0x00000006cd62af20,0x00000006cd680000)
 Metaspace       used 6394K, capacity 7280K, committed 7552K, reserved 1056768K
  class space    used 586K, capacity 616K, committed 640K, reserved 1048576K
}
Event: 11.733 GC heap before
{Heap before GC invocations=12 (full 2):
 PSYoungGen      total 462848K, used 462818K [0x000000076ab00000, 0x000000078df80000, 0x00000007c0000000)
  eden space 404480K, 100% used [0x000000076ab00000,0x0000000783600000,0x0000000783600000)
  from space 58368K, 99% used [0x0000000789500000,0x000000078cdf8898,0x000000078ce00000)
  to   space 17920K, 99% used [0x000000078ce00000,0x000000078df7e188,0x000000078df80000)
 ParOldGen       total 219648K, used 219307K [0x00000006c0000000, 0x00000006cd680000, 0x000000076ab00000)
  object space 219648K, 99% used [0x00000006c0000000,0x00000006cd62af20,0x00000006cd680000)
 Metaspace       used 6394K, capacity 7280K, committed 7552K, reserved 1056768K
  class space    used 586K, capacity 616K, committed 640K, reserved 1048576K
Event: 13.939 GC heap after
Heap after GC invocations=12 (full 2):
 PSYoungGen      total 462848K, used 0K [0x000000076ab00000, 0x000000078df80000, 0x00000007c0000000)
  eden space 404480K, 0% used [0x000000076ab00000,0x000000076ab00000,0x0000000783600000)
  from space 58368K, 0% used [0x0000000789500000,0x0000000789500000,0x000000078ce00000)
  to   space 17920K, 82% used [0x000000078ce00000,0x000000078dc62c98,0x000000078df80000)
 ParOldGen       total 219648K, used 219277K [0x00000006c0000000, 0x00000006cd680000, 0x000000076ab00000)
  object space 219648K, 99% used [0x00000006c0000000,0x00000006cd623668,0x00000006cd680000)
 Metaspace       used 6394K, capacity 7280K, committed 7552K, reserved 1056768K
  class space    used 586K, capacity 616K, committed 640K, reserved 1048576K
}
Event: 15.665 GC heap before
{Heap before GC invocations=13 (full 3):
 PSYoungGen      total 462848K, used 404480K [0x000000076ab00000, 0x000000078df80000, 0x00000007c0000000)
  eden space 404480K, 100% used [0x000000076ab00000,0x0000000783600000,0x0000000783600000)
  from space 58368K, 0% used [0x0000000789500000,0x0000000789500000,0x000000078ce00000)
  to   space 17920K, 82% used [0x000000078ce00000,0x000000078dc62c98,0x000000078df80000)
 ParOldGen       total 219648K, used 219277K [0x00000006c0000000, 0x00000006cd680000, 0x000000076ab00000)
  object space 219648K, 99% used [0x00000006c0000000,0x00000006cd623668,0x00000006cd680000)
 Metaspace       used 6400K, capacity 7280K, committed 7552K, reserved 1056768K
  class space    used 586K, capacity 616K, committed 640K, reserved 1048576K
Event: 17.442 GC heap after
Heap after GC invocations=13 (full 3):
 PSYoungGen      total 462848K, used 72063K [0x000000076ab00000, 0x000000078df80000, 0x00000007c0000000)
  eden space 404480K, 17% used [0x000000076ab00000,0x000000076f15fc60,0x0000000783600000)
  from space 58368K, 0% used [0x0000000789500000,0x0000000789500000,0x000000078ce00000)
  to   space 17920K, 0% used [0x000000078ce00000,0x000000078ce00000,0x000000078df80000)
 ParOldGen       total 219648K, used 219601K [0x00000006c0000000, 0x00000006cd680000, 0x000000076ab00000)
  object space 219648K, 99% used [0x00000006c0000000,0x00000006cd6745c8,0x00000006cd680000)
 Metaspace       used 6400K, capacity 7280K, committed 7552K, reserved 1056768K
  class space    used 586K, capacity 616K, committed 640K, reserved 1048576K
}
Event: 19.914 GC heap before
{Heap before GC invocations=14 (full 4):
 PSYoungGen      total 462848K, used 404480K [0x000000076ab00000, 0x000000078df80000, 0x00000007c0000000)
  eden space 404480K, 100% used [0x000000076ab00000,0x0000000783600000,0x0000000783600000)
  from space 58368K, 0% used [0x0000000789500000,0x0000000789500000,0x000000078ce00000)
  to   space 17920K, 0% used [0x000000078ce00000,0x000000078ce00000,0x000000078df80000)
 ParOldGen       total 219648K, used 219601K [0x00000006c0000000, 0x00000006cd680000, 0x000000076ab00000)
  object space 219648K, 99% used [0x00000006c0000000,0x00000006cd6745c8,0x00000006cd680000)
 Metaspace       used 6402K, capacity 7280K, committed 7552K, reserved 1056768K
  class space    used 586K, capacity 616K, committed 640K, reserved 1048576K
Event: 22.131 GC heap after
Heap after GC invocations=14 (full 4):
 PSYoungGen      total 462848K, used 124069K [0x000000076ab00000, 0x000000078df80000, 0x00000007c0000000)
  eden space 404480K, 30% used [0x000000076ab00000,0x00000007724294e8,0x0000000783600000)
  from space 58368K, 0% used [0x0000000789500000,0x0000000789500000,0x000000078ce00000)
  to   space 17920K, 0% used [0x000000078ce00000,0x000000078ce00000,0x000000078df80000)
 ParOldGen       total 219648K, used 219301K [0x00000006c0000000, 0x00000006cd680000, 0x000000076ab00000)
  object space 219648K, 99% used [0x00000006c0000000,0x00000006cd629500,0x00000006cd680000)
 Metaspace       used 6402K, capacity 7280K, committed 7552K, reserved 1056768K
  class space    used 586K, capacity 616K, committed 640K, reserved 1048576K
}

