# JRE version: OpenJDK Runtime Environment (8.0_112-b06) (build 1.8.0_112-release-b06)
# Java VM: OpenJDK 64-Bit Server VM (25.112-b06 mixed mode windows-amd64 compressed oops)
Heap:
 PSYoungGen      total 559104K, used 513395K [0x000000076ab00000, 0x0000000798900000, 0x00000007c0000000)
  eden space 450560K, 96% used [0x000000076ab00000,0x0000000785354738,0x0000000786300000)
  from space 108544K, 72% used [0x0000000786300000,0x000000078b0085c0,0x000000078cd00000)
  to   space 116224K, 0% used [0x0000000791780000,0x0000000791780000,0x0000000798900000)
 ParOldGen       total 384000K, used 225093K [0x00000006c0000000, 0x00000006d7700000, 0x000000076ab00000)
  object space 384000K, 58% used [0x00000006c0000000,0x00000006cdbd1570,0x00000006d7700000)
 Metaspace       used 6505K, capacity 7344K, committed 7552K, reserved 1056768K
  class space    used 593K, capacity 616K, committed 640K, reserved 1048576K
GC Heap History (10 events):
Event: 6.787 GC heap before
{Heap before GC invocations=9 (full 1):
 PSYoungGen      total 295424K, used 267760K [0x000000076ab00000, 0x0000000791300000, 0x00000007c0000000)
  eden space 262656K, 100% used [0x000000076ab00000,0x000000077ab80000,0x000000077ab80000)
  from space 32768K, 15% used [0x000000077ab80000,0x000000077b07c098,0x000000077cb80000)
  to   space 52736K, 0% used [0x000000078df80000,0x000000078df80000,0x0000000791300000)
 ParOldGen       total 172032K, used 87052K [0x00000006c0000000, 0x00000006ca800000, 0x000000076ab00000)
  object space 172032K, 50% used [0x00000006c0000000,0x00000006c5503068,0x00000006ca800000)
 Metaspace       used 6369K, capacity 7280K, committed 7552K, reserved 1056768K
  class space    used 586K, capacity 616K, committed 640K, reserved 1048576K
Event: 6.877 GC heap after
Heap after GC invocations=9 (full 1):
 PSYoungGen      total 378368K, used 37691K [0x000000076ab00000, 0x0000000790480000, 0x00000007c0000000)
  eden space 340480K, 0% used [0x000000076ab00000,0x000000076ab00000,0x000000077f780000)
  from space 37888K, 99% used [0x000000078df80000,0x000000079044ed20,0x0000000790480000)
  to   space 56832K, 0% used [0x0000000789580000,0x0000000789580000,0x000000078cd00000)
 ParOldGen       total 172032K, used 87060K [0x00000006c0000000, 0x00000006ca800000, 0x000000076ab00000)
  object space 172032K, 50% used [0x00000006c0000000,0x00000006c5505068,0x00000006ca800000)
 Metaspace       used 6369K, capacity 7280K, committed 7552K, reserved 1056768K
  class space    used 586K, capacity 616K, committed 640K, reserved 1048576K
}
Event: 8.471 GC heap before
{Heap before GC invocations=10 (full 1):
 PSYoungGen      total 378368K, used 378171K [0x000000076ab00000, 0x0000000790480000, 0x00000007c0000000)
  eden space 340480K, 100% used [0x000000076ab00000,0x000000077f780000,0x000000077f780000)
  from space 37888K, 99% used [0x000000078df80000,0x000000079044ed20,0x0000000790480000)
  to   space 56832K, 0% used [0x0000000789580000,0x0000000789580000,0x000000078cd00000)
 ParOldGen       total 172032K, used 87060K [0x00000006c0000000, 0x00000006ca800000, 0x000000076ab00000)
  object space 172032K, 50% used [0x00000006c0000000,0x00000006c5505068,0x00000006ca800000)
 Metaspace       used 6379K, capacity 7280K, committed 7552K, reserved 1056768K
  class space    used 586K, capacity 616K, committed 640K, reserved 1048576K
Event: 8.628 GC heap after
Heap after GC invocations=10 (full 1):
 PSYoungGen      total 461824K, used 56804K [0x000000076ab00000, 0x000000078e000000, 0x00000007c0000000)
  eden space 404992K, 0% used [0x000000076ab00000,0x000000076ab00000,0x0000000783680000)
  from space 56832K, 99% used [0x0000000789580000,0x000000078ccf9198,0x000000078cd00000)
  to   space 19456K, 0% used [0x000000078cd00000,0x000000078cd00000,0x000000078e000000)
 ParOldGen       total 172032K, used 120685K [0x00000006c0000000, 0x00000006ca800000, 0x000000076ab00000)
  object space 172032K, 70% used [0x00000006c0000000,0x00000006c75db648,0x00000006ca800000)
 Metaspace       used 6379K, capacity 7280K, committed 7552K, reserved 1056768K
  class space    used 586K, capacity 616K, committed 640K, reserved 1048576K
}
Event: 10.315 GC heap before
{Heap before GC invocations=11 (full 1):
 PSYoungGen      total 461824K, used 461796K [0x000000076ab00000, 0x000000078e000000, 0x00000007c0000000)
  eden space 404992K, 100% used [0x000000076ab00000,0x0000000783680000,0x0000000783680000)
  from space 56832K, 99% used [0x0000000789580000,0x000000078ccf9198,0x000000078cd00000)
  to   space 19456K, 0% used [0x000000078cd00000,0x000000078cd00000,0x000000078e000000)
 ParOldGen       total 172032K, used 120685K [0x00000006c0000000, 0x00000006ca800000, 0x000000076ab00000)
  object space 172032K, 70% used [0x00000006c0000000,0x00000006c75db648,0x00000006ca800000)
 Metaspace       used 6403K, capacity 7280K, committed 7552K, reserved 1056768K
  class space    used 587K, capacity 616K, committed 640K, reserved 1048576K
Event: 10.517 GC heap after
Heap after GC invocations=11 (full 1):
 PSYoungGen      total 470016K, used 19424K [0x000000076ab00000, 0x0000000795c80000, 0x00000007c0000000)
  eden space 450560K, 0% used [0x000000076ab00000,0x000000076ab00000,0x0000000786300000)
  from space 19456K, 99% used [0x000000078cd00000,0x000000078dff80d0,0x000000078e000000)
  to   space 108544K, 0% used [0x0000000786300000,0x0000000786300000,0x000000078cd00000)
 ParOldGen       total 220160K, used 219669K [0x00000006c0000000, 0x00000006cd700000, 0x000000076ab00000)
  object space 220160K, 99% used [0x00000006c0000000,0x00000006cd6854b0,0x00000006cd700000)
 Metaspace       used 6403K, capacity 7280K, committed 7552K, reserved 1056768K
  class space    used 587K, capacity 616K, committed 640K, reserved 1048576K
}
Event: 10.517 GC heap before
{Heap before GC invocations=12 (full 2):
 PSYoungGen      total 470016K, used 19424K [0x000000076ab00000, 0x0000000795c80000, 0x00000007c0000000)
  eden space 450560K, 0% used [0x000000076ab00000,0x000000076ab00000,0x0000000786300000)
  from space 19456K, 99% used [0x000000078cd00000,0x000000078dff80d0,0x000000078e000000)
  to   space 108544K, 0% used [0x0000000786300000,0x0000000786300000,0x000000078cd00000)
 ParOldGen       total 220160K, used 219669K [0x00000006c0000000, 0x00000006cd700000, 0x000000076ab00000)
  object space 220160K, 99% used [0x00000006c0000000,0x00000006cd6854b0,0x00000006cd700000)
 Metaspace       used 6403K, capacity 7280K, committed 7552K, reserved 1056768K
  class space    used 587K, capacity 616K, committed 640K, reserved 1048576K
Event: 12.266 GC heap after
Heap after GC invocations=12 (full 2):
 PSYoungGen      total 470016K, used 11677K [0x000000076ab00000, 0x0000000795c80000, 0x00000007c0000000)
  eden space 450560K, 0% used [0x000000076ab00000,0x000000076ab00000,0x0000000786300000)
  from space 19456K, 60% used [0x000000078cd00000,0x000000078d8675e8,0x000000078e000000)
  to   space 108544K, 0% used [0x0000000786300000,0x0000000786300000,0x000000078cd00000)
 ParOldGen       total 384000K, used 219676K [0x00000006c0000000, 0x00000006d7700000, 0x000000076ab00000)
  object space 384000K, 57% used [0x00000006c0000000,0x00000006cd687158,0x00000006d7700000)
 Metaspace       used 6403K, capacity 7280K, committed 7552K, reserved 1056768K
  class space    used 587K, capacity 616K, committed 640K, reserved 1048576K
}
Event: 13.924 GC heap before
{Heap before GC invocations=13 (full 2):
 PSYoungGen      total 470016K, used 462237K [0x000000076ab00000, 0x0000000795c80000, 0x00000007c0000000)
  eden space 450560K, 100% used [0x000000076ab00000,0x0000000786300000,0x0000000786300000)
  from space 19456K, 60% used [0x000000078cd00000,0x000000078d8675e8,0x000000078e000000)
  to   space 108544K, 0% used [0x0000000786300000,0x0000000786300000,0x000000078cd00000)
 ParOldGen       total 384000K, used 219676K [0x00000006c0000000, 0x00000006d7700000, 0x000000076ab00000)
  object space 384000K, 57% used [0x00000006c0000000,0x00000006cd687158,0x00000006d7700000)
 Metaspace       used 6411K, capacity 7280K, committed 7552K, reserved 1056768K
  class space    used 587K, capacity 616K, committed 640K, reserved 1048576K
Event: 14.101 GC heap after
Heap after GC invocations=13 (full 2):
 PSYoungGen      total 559104K, used 78881K [0x000000076ab00000, 0x0000000798900000, 0x00000007c0000000)
  eden space 450560K, 0% used [0x000000076ab00000,0x000000076ab00000,0x0000000786300000)
  from space 108544K, 72% used [0x0000000786300000,0x000000078b0085c0,0x000000078cd00000)
  to   space 116224K, 0% used [0x0000000791780000,0x0000000791780000,0x0000000798900000)
 ParOldGen       total 384000K, used 225093K [0x00000006c0000000, 0x00000006d7700000, 0x000000076ab00000)
  object space 384000K, 58% used [0x00000006c0000000,0x00000006cdbd1570,0x00000006d7700000)
 Metaspace       used 6411K, capacity 7280K, committed 7552K, reserved 1056768K
  class space    used 587K, capacity 616K, committed 640K, reserved 1048576K
}

