# JRE version: OpenJDK Runtime Environment (8.0_112-b06) (build 1.8.0_112-release-b06)
# Java VM: OpenJDK 64-Bit Server VM (25.112-b06 mixed mode windows-amd64 compressed oops)
Heap:
 PSYoungGen      total 295424K, used 184931K [0x000000076ab00000, 0x0000000791200000, 0x00000007c0000000)
  eden space 261632K, 70% used [0x000000076ab00000,0x0000000775f98d38,0x000000077aa80000)
  from space 33792K, 0% used [0x000000077aa80000,0x000000077aa80000,0x000000077cb80000)
  to   space 53248K, 0% used [0x000000078de00000,0x000000078de00000,0x0000000791200000)
 ParOldGen       total 87552K, used 87333K [0x00000006c0000000, 0x00000006c5580000, 0x000000076ab00000)
  object space 87552K, 99% used [0x00000006c0000000,0x00000006c5549688,0x00000006c5580000)
 Metaspace       used 6394K, capacity 7280K, committed 7552K, reserved 1056768K
  class space    used 587K, capacity 616K, committed 640K, reserved 1048576K
GC Heap History (10 events):
Event: 10.827 GC heap before
{Heap before GC invocations=10 (full 3):
 PSYoungGen      total 295424K, used 261632K [0x000000076ab00000, 0x0000000791200000, 0x00000007c0000000)
  eden space 261632K, 100% used [0x000000076ab00000,0x000000077aa80000,0x000000077aa80000)
  from space 33792K, 0% used [0x000000077aa80000,0x000000077aa80000,0x000000077cb80000)
  to   space 53248K, 0% used [0x000000078de00000,0x000000078de00000,0x0000000791200000)
 ParOldGen       total 87552K, used 87530K [0x00000006c0000000, 0x00000006c5580000, 0x000000076ab00000)
  object space 87552K, 99% used [0x00000006c0000000,0x00000006c557abe0,0x00000006c5580000)
 Metaspace       used 6367K, capacity 7280K, committed 7552K, reserved 1056768K
  class space    used 586K, capacity 616K, committed 640K, reserved 1048576K
Event: 12.693 GC heap after
Heap after GC invocations=10 (full 3):
 PSYoungGen      total 295424K, used 70351K [0x000000076ab00000, 0x0000000791200000, 0x00000007c0000000)
  eden space 261632K, 26% used [0x000000076ab00000,0x000000076efb3c70,0x000000077aa80000)
  from space 33792K, 0% used [0x000000077aa80000,0x000000077aa80000,0x000000077cb80000)
  to   space 53248K, 0% used [0x000000078de00000,0x000000078de00000,0x0000000791200000)
 ParOldGen       total 87552K, used 87369K [0x00000006c0000000, 0x00000006c5580000, 0x000000076ab00000)
  object space 87552K, 99% used [0x00000006c0000000,0x00000006c55524f8,0x00000006c5580000)
 Metaspace       used 6367K, capacity 7280K, committed 7552K, reserved 1056768K
  class space    used 586K, capacity 616K, committed 640K, reserved 1048576K
}
Event: 13.908 GC heap before
{Heap before GC invocations=11 (full 4):
 PSYoungGen      total 295424K, used 261632K [0x000000076ab00000, 0x0000000791200000, 0x00000007c0000000)
  eden space 261632K, 100% used [0x000000076ab00000,0x000000077aa80000,0x000000077aa80000)
  from space 33792K, 0% used [0x000000077aa80000,0x000000077aa80000,0x000000077cb80000)
  to   space 53248K, 0% used [0x000000078de00000,0x000000078de00000,0x0000000791200000)
 ParOldGen       total 87552K, used 87369K [0x00000006c0000000, 0x00000006c5580000, 0x000000076ab00000)
  object space 87552K, 99% used [0x00000006c0000000,0x00000006c55524f8,0x00000006c5580000)
 Metaspace       used 6374K, capacity 7280K, committed 7552K, reserved 1056768K
  class space    used 586K, capacity 616K, committed 640K, reserved 1048576K
Event: 14.962 GC heap after
Heap after GC invocations=11 (full 4):
 PSYoungGen      total 295424K, used 98933K [0x000000076ab00000, 0x0000000791200000, 0x00000007c0000000)
  eden space 261632K, 37% used [0x000000076ab00000,0x0000000770b9d480,0x000000077aa80000)
  from space 33792K, 0% used [0x000000077aa80000,0x000000077aa80000,0x000000077cb80000)
  to   space 53248K, 0% used [0x000000078de00000,0x000000078de00000,0x0000000791200000)
 ParOldGen       total 87552K, used 87336K [0x00000006c0000000, 0x00000006c5580000, 0x000000076ab00000)
  object space 87552K, 99% used [0x00000006c0000000,0x00000006c554a2a8,0x00000006c5580000)
 Metaspace       used 6374K, capacity 7280K, committed 7552K, reserved 1056768K
  class space    used 586K, capacity 616K, committed 640K, reserved 1048576K
}
Event: 15.941 GC heap before
{Heap before GC invocations=12 (full 5):
 PSYoungGen      total 295424K, used 261632K [0x000000076ab00000, 0x0000000791200000, 0x00000007c0000000)
  eden space 261632K, 100% used [0x000000076ab00000,0x000000077aa80000,0x000000077aa80000)
  from space 33792K, 0% used [0x000000077aa80000,0x000000077aa80000,0x000000077cb80000)
  to   space 53248K, 0% used [0x000000078de00000,0x000000078de00000,0x0000000791200000)
 ParOldGen       total 87552K, used 87336K [0x00000006c0000000, 0x00000006c5580000, 0x000000076ab00000)
  object space 87552K, 99% used [0x00000006c0000000,0x00000006c554a2a8,0x00000006c5580000)
 Metaspace       used 6386K, capacity 7280K, committed 7552K, reserved 1056768K
  class space    used 586K, capacity 616K, committed 640K, reserved 1048576K
Event: 17.239 GC heap after
Heap after GC invocations=12 (full 5):
 PSYoungGen      total 295424K, used 122252K [0x000000076ab00000, 0x0000000791200000, 0x00000007c0000000)
  eden space 261632K, 46% used [0x000000076ab00000,0x00000007722631d8,0x000000077aa80000)
  from space 33792K, 0% used [0x000000077aa80000,0x000000077aa80000,0x000000077cb80000)
  to   space 53248K, 0% used [0x000000078de00000,0x000000078de00000,0x0000000791200000)
 ParOldGen       total 87552K, used 87335K [0x00000006c0000000, 0x00000006c5580000, 0x000000076ab00000)
  object space 87552K, 99% used [0x00000006c0000000,0x00000006c5549e48,0x00000006c5580000)
 Metaspace       used 6386K, capacity 7280K, committed 7552K, reserved 1056768K
  class space    used 586K, capacity 616K, committed 640K, reserved 1048576K
}
Event: 17.906 GC heap before
{Heap before GC invocations=13 (full 6):
 PSYoungGen      total 295424K, used 261632K [0x000000076ab00000, 0x0000000791200000, 0x00000007c0000000)
  eden space 261632K, 100% used [0x000000076ab00000,0x000000077aa80000,0x000000077aa80000)
  from space 33792K, 0% used [0x000000077aa80000,0x000000077aa80000,0x000000077cb80000)
  to   space 53248K, 0% used [0x000000078de00000,0x000000078de00000,0x0000000791200000)
 ParOldGen       total 87552K, used 87335K [0x00000006c0000000, 0x00000006c5580000, 0x000000076ab00000)
  object space 87552K, 99% used [0x00000006c0000000,0x00000006c5549e48,0x00000006c5580000)
 Metaspace       used 6391K, capacity 7280K, committed 7552K, reserved 1056768K
  class space    used 586K, capacity 616K, committed 640K, reserved 1048576K
Event: 19.177 GC heap after
Heap after GC invocations=13 (full 6):
 PSYoungGen      total 295424K, used 142573K [0x000000076ab00000, 0x0000000791200000, 0x00000007c0000000)
  eden space 261632K, 54% used [0x000000076ab00000,0x000000077363b668,0x000000077aa80000)
  from space 33792K, 0% used [0x000000077aa80000,0x000000077aa80000,0x000000077cb80000)
  to   space 53248K, 0% used [0x000000078de00000,0x000000078de00000,0x0000000791200000)
 ParOldGen       total 87552K, used 87334K [0x00000006c0000000, 0x00000006c5580000, 0x000000076ab00000)
  object space 87552K, 99% used [0x00000006c0000000,0x00000006c5549908,0x00000006c5580000)
 Metaspace       used 6391K, capacity 7280K, committed 7552K, reserved 1056768K
  class space    used 586K, capacity 616K, committed 640K, reserved 1048576K
}
Event: 19.774 GC heap before
{Heap before GC invocations=14 (full 7):
 PSYoungGen      total 295424K, used 261632K [0x000000076ab00000, 0x0000000791200000, 0x00000007c0000000)
  eden space 261632K, 100% used [0x000000076ab00000,0x000000077aa80000,0x000000077aa80000)
  from space 33792K, 0% used [0x000000077aa80000,0x000000077aa80000,0x000000077cb80000)
  to   space 53248K, 0% used [0x000000078de00000,0x000000078de00000,0x0000000791200000)
 ParOldGen       total 87552K, used 87334K [0x00000006c0000000, 0x00000006c5580000, 0x000000076ab00000)
  object space 87552K, 99% used [0x00000006c0000000,0x00000006c5549908,0x00000006c5580000)
 Metaspace       used 6393K, capacity 7280K, committed 7552K, reserved 1056768K
  class space    used 587K, capacity 616K, committed 640K, reserved 1048576K
Event: 21.254 GC heap after
Heap after GC invocations=14 (full 7):
 PSYoungGen      total 295424K, used 160138K [0x000000076ab00000, 0x0000000791200000, 0x00000007c0000000)
  eden space 261632K, 61% used [0x000000076ab00000,0x0000000774762b70,0x000000077aa80000)
  from space 33792K, 0% used [0x000000077aa80000,0x000000077aa80000,0x000000077cb80000)
  to   space 53248K, 0% used [0x000000078de00000,0x000000078de00000,0x0000000791200000)
 ParOldGen       total 87552K, used 87333K [0x00000006c0000000, 0x00000006c5580000, 0x000000076ab00000)
  object space 87552K, 99% used [0x00000006c0000000,0x00000006c5549688,0x00000006c5580000)
 Metaspace       used 6393K, capacity 7280K, committed 7552K, reserved 1056768K
  class space    used 587K, capacity 616K, committed 640K, reserved 1048576K
}

